#-----------------------------------------------------------
# Vivado v2024.2 (64-bit)
# SW Build 5239630 on Fri Nov 08 22:35:27 MST 2024
# IP Build 5239520 on Sun Nov 10 16:12:51 MST 2024
# SharedData Build 5239561 on Fri Nov 08 14:39:27 MST 2024
# Start of session at: Mon Apr 28 14:47:50 2025
# Process ID         : 22576
# Current directory  : D:/Xilinx/reconfig/wordle_fsm
# Command line       : vivado.exe -gui_launcher_event rodinguilauncherevent6824 D:\Xilinx\reconfig\wordle_fsm\wordle_fsm.xpr
# Log file           : D:/Xilinx/reconfig/wordle_fsm/vivado.log
# Journal file       : D:/Xilinx/reconfig/wordle_fsm\vivado.jou
# Running On         : Jaskin-Laptop
# Platform           : Windows Server 2016 or Windows 10
# Operating System   : 26100
# Processor Detail   : AMD Ryzen 7 5800H with Radeon Graphics         
# CPU Frequency      : 3194 MHz
# CPU Physical cores : 8
# CPU Logical cores  : 16
# Host memory        : 16474 MB
# Swap memory        : 11368 MB
# Total Virtual      : 27842 MB
# Available Virtual  : 5143 MB
#-----------------------------------------------------------
start_gui
open_project D:/Xilinx/reconfig/wordle_fsm/wordle_fsm.xpr
Scanning sources...
Finished scanning sources
INFO: [IP_Flow 19-234] Refreshing IP repositories
INFO: [IP_Flow 19-1700] Loaded user IP repository 'd:/Xilinx/reconfig/ip_repo'.
INFO: [IP_Flow 19-2313] Loaded Vivado IP repository 'D:/Xilinx/Vivado/2024.2/data/ip'.
open_project: Time (s): cpu = 00:00:15 ; elapsed = 00:00:07 . Memory (MB): peak = 1114.535 ; gain = 26.648
update_compile_order -fileset sources_1
archive_project D:/Xilinx/reconfig/wordle_fsm.xpr.zip -temp_dir D:/Xilinx/reconfig/wordle_fsm/.Xil/Vivado-22576-Jaskin-Laptop -force -include_local_ip_cache -include_config_settings
INFO: [Coretcl 2-137] starting archive...
INFO: [Coretcl 2-1499] Saving project copy to temporary location 'D:/Xilinx/reconfig/wordle_fsm/.Xil/Vivado-22576-Jaskin-Laptop' for archiving project
Scanning sources...
Finished scanning sources
INFO: [Coretcl 2-1211] Creating project copy for archival...
WARNING: [IP_Flow 19-4995] The host OS only allows 260 characters in a normal path. The IP cache path is more than 80 characters. If you experience issues with IP caching, please consider changing the IP cache to a location with a shorter path. Alternately consider using the OS subst command to map part of the path to a drive letter. 
Current IP cache path is D:/Xilinx/reconfig/wordle_fsm/.Xil/Vivado-22576-Jaskin-Laptop/PrjAr/_X_/wordle_fsm.cache/ip 
INFO: [Coretcl 2-1213] Including run results for 'synth_1'
INFO: [Coretcl 2-1213] Including run results for 'impl_1'
INFO: [Coretcl 2-1212] Importing remotely added design sources and verilog include files (if any)...
INFO: [filemgmt 20-348] Importing the appropriate files for fileset: 'sources_1'
INFO: [filemgmt 20-334] All file(s) are already imported in fileset: 'utils_1'
INFO: [filemgmt 20-348] Importing the appropriate files for fileset: 'utils_1'
