
*** Running vivado
    with args -log top_wrapper.vdi -applog -m64 -product Vivado -messageDb vivado.pb -mode batch -source top_wrapper.tcl -notrace



****** Vivado v2024.2 (64-bit)
  **** SW Build 5239630 on Fri Nov 08 22:35:27 MST 2024
  **** IP Build 5239520 on Sun Nov 10 16:12:51 MST 2024
  **** SharedData Build 5239561 on Fri Nov 08 14:39:27 MST 2024
  **** Start of session at: Mon Apr 28 01:22:15 2025
    ** Copyright 1986-2022 Xilinx, Inc. All Rights Reserved.
    ** Copyright 2022-2024 Advanced Micro Devices, Inc. All Rights Reserved.

source top_wrapper.tcl -notrace
WARNING: [Common 17-1361] You have specified a new message control rule that is equivalent to an existing rule with attributes ' -id {17-179}  -suppress '. The existing rule will be replaced.
WARNING: [Common 17-1361] You have specified a new message control rule that is equivalent to an existing rule with attributes ' -id {17-179}  -suppress '. The existing rule will be replaced.
WARNING: [Common 17-1361] You have specified a new message control rule that is equivalent to an existing rule with attributes ' -id {17-179}  -suppress '. The existing rule will be replaced.
WARNING: [Common 17-1361] You have specified a new message control rule that is equivalent to an existing rule with attributes ' -id {17-179}  -suppress '. The existing rule will be replaced.
WARNING: [Common 17-1361] You have specified a new message control rule that is equivalent to an existing rule with attributes ' -id {17-179}  -suppress '. The existing rule will be replaced.
WARNING: [Common 17-1361] You have specified a new message control rule that is equivalent to an existing rule with attributes ' -id {17-179}  -suppress '. The existing rule will be replaced.
INFO: [IP_Flow 19-234] Refreshing IP repositories
WARNING: [IP_Flow 19-3685] Ignored loading user repository 'd:/Xilinx/reconfig/ip_repo/Wordle_Matcher_HDL_1_1'. The path is contained within another repository.
INFO: [IP_Flow 19-1700] Loaded user IP repository 'd:/Xilinx/reconfig/ip_repo'.
INFO: [IP_Flow 19-2313] Loaded Vivado IP repository 'D:/Xilinx/Vivado/2024.2/data/ip'.
Command: link_design -top top_wrapper -part xc7z020clg400-1
Design is defaulting to srcset: sources_1
Design is defaulting to constrset: constrs_1
INFO: [Device 21-403] Loading part xc7z020clg400-1
INFO: [Project 1-454] Reading design checkpoint 'd:/Xilinx/reconfig/wordle_fsm_platform/wordle_fsm_platform.gen/sources_1/bd/top/ip/top_Wordle_Matcher_HDL_0_4/top_Wordle_Matcher_HDL_0_4.dcp' for cell 'top_i/Wordle_Matcher_HDL_0'
INFO: [Project 1-454] Reading design checkpoint 'd:/Xilinx/reconfig/wordle_fsm_platform/wordle_fsm_platform.gen/sources_1/bd/top/ip/top_axi_smc_3/top_axi_smc_3.dcp' for cell 'top_i/axi_smc'
INFO: [Project 1-454] Reading design checkpoint 'd:/Xilinx/reconfig/wordle_fsm_platform/wordle_fsm_platform.gen/sources_1/bd/top/ip/top_processing_system7_0_0/top_processing_system7_0_0.dcp' for cell 'top_i/processing_system7_0'
INFO: [Project 1-454] Reading design checkpoint 'd:/Xilinx/reconfig/wordle_fsm_platform/wordle_fsm_platform.gen/sources_1/bd/top/ip/top_rst_ps7_0_100M_3/top_rst_ps7_0_100M_3.dcp' for cell 'top_i/rst_ps7_0_100M'
Netlist sorting complete. Time (s): cpu = 00:00:00 ; elapsed = 00:00:00.103 . Memory (MB): peak = 585.203 ; gain = 0.000
INFO: [Netlist 29-17] Analyzing 12 Unisim elements for replacement
INFO: [Netlist 29-28] Unisim Transformation completed in 0 CPU seconds
INFO: [Project 1-479] Netlist was created with Vivado 2024.2
INFO: [Project 1-570] Preparing netlist for logic optimization
Parsing XDC File [d:/Xilinx/reconfig/wordle_fsm_platform/wordle_fsm_platform.gen/sources_1/bd/top/ip/top_processing_system7_0_0/top_processing_system7_0_0.xdc] for cell 'top_i/processing_system7_0/inst'
Finished Parsing XDC File [d:/Xilinx/reconfig/wordle_fsm_platform/wordle_fsm_platform.gen/sources_1/bd/top/ip/top_processing_system7_0_0/top_processing_system7_0_0.xdc] for cell 'top_i/processing_system7_0/inst'
Parsing XDC File [d:/Xilinx/reconfig/wordle_fsm_platform/wordle_fsm_platform.gen/sources_1/bd/top/ip/top_axi_smc_3/bd_0/ip/ip_1/bd_b57a_psr_aclk_0_board.xdc] for cell 'top_i/axi_smc/inst/clk_map/psr_aclk/U0'
Finished Parsing XDC File [d:/Xilinx/reconfig/wordle_fsm_platform/wordle_fsm_platform.gen/sources_1/bd/top/ip/top_axi_smc_3/bd_0/ip/ip_1/bd_b57a_psr_aclk_0_board.xdc] for cell 'top_i/axi_smc/inst/clk_map/psr_aclk/U0'
Parsing XDC File [d:/Xilinx/reconfig/wordle_fsm_platform/wordle_fsm_platform.gen/sources_1/bd/top/ip/top_axi_smc_3/bd_0/ip/ip_1/bd_b57a_psr_aclk_0.xdc] for cell 'top_i/axi_smc/inst/clk_map/psr_aclk/U0'
Finished Parsing XDC File [d:/Xilinx/reconfig/wordle_fsm_platform/wordle_fsm_platform.gen/sources_1/bd/top/ip/top_axi_smc_3/bd_0/ip/ip_1/bd_b57a_psr_aclk_0.xdc] for cell 'top_i/axi_smc/inst/clk_map/psr_aclk/U0'
Parsing XDC File [d:/Xilinx/reconfig/wordle_fsm_platform/wordle_fsm_platform.gen/sources_1/bd/top/ip/top_axi_smc_3/smartconnect.xdc] for cell 'top_i/axi_smc/inst'
Finished Parsing XDC File [d:/Xilinx/reconfig/wordle_fsm_platform/wordle_fsm_platform.gen/sources_1/bd/top/ip/top_axi_smc_3/smartconnect.xdc] for cell 'top_i/axi_smc/inst'
Parsing XDC File [d:/Xilinx/reconfig/wordle_fsm_platform/wordle_fsm_platform.gen/sources_1/bd/top/ip/top_rst_ps7_0_100M_3/top_rst_ps7_0_100M_3_board.xdc] for cell 'top_i/rst_ps7_0_100M/U0'
Finished Parsing XDC File [d:/Xilinx/reconfig/wordle_fsm_platform/wordle_fsm_platform.gen/sources_1/bd/top/ip/top_rst_ps7_0_100M_3/top_rst_ps7_0_100M_3_board.xdc] for cell 'top_i/rst_ps7_0_100M/U0'
Parsing XDC File [d:/Xilinx/reconfig/wordle_fsm_platform/wordle_fsm_platform.gen/sources_1/bd/top/ip/top_rst_ps7_0_100M_3/top_rst_ps7_0_100M_3.xdc] for cell 'top_i/rst_ps7_0_100M/U0'
Finished Parsing XDC File [d:/Xilinx/reconfig/wordle_fsm_platform/wordle_fsm_platform.gen/sources_1/bd/top/ip/top_rst_ps7_0_100M_3/top_rst_ps7_0_100M_3.xdc] for cell 'top_i/rst_ps7_0_100M/U0'
INFO: [Project 1-1714] 14 XPM XDC files have been applied to the design.
INFO: [Opt 31-138] Pushed 0 inverter(s) to 0 load pin(s).
Netlist sorting complete. Time (s): cpu = 00:00:00 ; elapsed = 00:00:00.001 . Memory (MB): peak = 748.711 ; gain = 0.000
INFO: [Project 1-111] Unisim Transformation Summary:
No Unisim elements were transformed.

15 Infos, 7 Warnings, 0 Critical Warnings and 0 Errors encountered.
link_design completed successfully
link_design: Time (s): cpu = 00:00:06 ; elapsed = 00:00:07 . Memory (MB): peak = 748.711 ; gain = 421.254
Command: opt_design
Attempting to get a license for feature 'Implementation' and/or device 'xc7z020'
INFO: [Common 17-349] Got license for feature 'Implementation' and/or device 'xc7z020'
Running DRC as a precondition to command opt_design

Starting DRC Task
INFO: [DRC 23-27] Running DRC with 2 threads
INFO: [Project 1-461] DRC finished with 0 Errors
INFO: [Project 1-462] Please refer to the DRC report (report_drc) for more information.

Time (s): cpu = 00:00:01 ; elapsed = 00:00:01 . Memory (MB): peak = 785.441 ; gain = 36.730

Starting Cache Timing Information Task
INFO: [Timing 38-35] Done setting XDC timing constraints.
Ending Cache Timing Information Task | Checksum: 18f9acb72

Time (s): cpu = 00:00:06 ; elapsed = 00:00:06 . Memory (MB): peak = 1309.848 ; gain = 524.406

Starting Logic Optimization Task

Phase 1 Initialization

Phase 1.1 Core Generation And Design Setup
Phase 1.1 Core Generation And Design Setup | Checksum: 18f9acb72

Time (s): cpu = 00:00:00 ; elapsed = 00:00:00.008 . Memory (MB): peak = 1713.035 ; gain = 0.000

Phase 1.2 Setup Constraints And Sort Netlist
Phase 1.2 Setup Constraints And Sort Netlist | Checksum: 18f9acb72

Time (s): cpu = 00:00:00 ; elapsed = 00:00:00.014 . Memory (MB): peak = 1713.035 ; gain = 0.000
Phase 1 Initialization | Checksum: 18f9acb72

Time (s): cpu = 00:00:00 ; elapsed = 00:00:00.016 . Memory (MB): peak = 1713.035 ; gain = 0.000

Phase 2 Timer Update And Timing Data Collection

Phase 2.1 Timer Update
Phase 2.1 Timer Update | Checksum: 18f9acb72

Time (s): cpu = 00:00:00 ; elapsed = 00:00:00.056 . Memory (MB): peak = 1713.035 ; gain = 0.000

Phase 2.2 Timing Data Collection
Phase 2.2 Timing Data Collection | Checksum: 18f9acb72

Time (s): cpu = 00:00:00 ; elapsed = 00:00:00.073 . Memory (MB): peak = 1713.035 ; gain = 0.000
Phase 2 Timer Update And Timing Data Collection | Checksum: 18f9acb72

Time (s): cpu = 00:00:00 ; elapsed = 00:00:00.075 . Memory (MB): peak = 1713.035 ; gain = 0.000

Phase 3 Retarget
INFO: [Opt 31-1851] Number of loadless carry chains removed were: 0
INFO: [Opt 31-1834] Total Chains To Be Transformed Were: 0 AND Number of Transformed insts Created are: 0
INFO: [Opt 31-138] Pushed 10 inverter(s) to 33 load pin(s).
INFO: [Opt 31-49] Retargeted 0 cell(s).
Phase 3 Retarget | Checksum: 19a006078

Time (s): cpu = 00:00:00 ; elapsed = 00:00:00.157 . Memory (MB): peak = 1713.035 ; gain = 0.000
Retarget | Checksum: 19a006078
INFO: [Opt 31-389] Phase Retarget created 8 cells and removed 43 cells
INFO: [Opt 31-1021] In phase Retarget, 20 netlist objects are constrained preventing optimization. Please run opt_design with -debug_log to get more detail. 

Phase 4 Constant propagation
INFO: [Opt 31-138] Pushed 1 inverter(s) to 4 load pin(s).
Phase 4 Constant propagation | Checksum: 1514cdd29

Time (s): cpu = 00:00:00 ; elapsed = 00:00:00.182 . Memory (MB): peak = 1713.035 ; gain = 0.000
Constant propagation | Checksum: 1514cdd29
INFO: [Opt 31-389] Phase Constant propagation created 6 cells and removed 17 cells
INFO: [Opt 31-1021] In phase Constant propagation, 20 netlist objects are constrained preventing optimization. Please run opt_design with -debug_log to get more detail. 

Phase 5 Sweep
INFO: [Constraints 18-11670] Building netlist checker database with flags, 0x8
Done building netlist checker database: Time (s): cpu = 00:00:00 ; elapsed = 00:00:00.001 . Memory (MB): peak = 1713.035 ; gain = 0.000
INFO: [Constraints 18-11670] Building netlist checker database with flags, 0x8
Done building netlist checker database: Time (s): cpu = 00:00:00 ; elapsed = 00:00:00 . Memory (MB): peak = 1713.035 ; gain = 0.000
Phase 5 Sweep | Checksum: f327941b

Time (s): cpu = 00:00:00 ; elapsed = 00:00:00.461 . Memory (MB): peak = 1713.035 ; gain = 0.000
Sweep | Checksum: f327941b
INFO: [Opt 31-389] Phase Sweep created 0 cells and removed 71 cells
INFO: [Opt 31-1021] In phase Sweep, 25 netlist objects are constrained preventing optimization. Please run opt_design with -debug_log to get more detail. 

Phase 6 BUFG optimization
Phase 6 BUFG optimization | Checksum: f327941b

Time (s): cpu = 00:00:00 ; elapsed = 00:00:00.512 . Memory (MB): peak = 1713.035 ; gain = 0.000
BUFG optimization | Checksum: f327941b
INFO: [Opt 31-662] Phase BUFG optimization created 0 cells of which 0 are BUFGs and removed 0 cells.

Phase 7 Shift Register Optimization
INFO: [Opt 31-1064] SRL Remap converted 0 SRLs to 0 registers and converted 0 registers of register chains to 0 SRLs
Phase 7 Shift Register Optimization | Checksum: f327941b

Time (s): cpu = 00:00:00 ; elapsed = 00:00:00.520 . Memory (MB): peak = 1713.035 ; gain = 0.000
Shift Register Optimization | Checksum: f327941b
INFO: [Opt 31-389] Phase Shift Register Optimization created 0 cells and removed 0 cells

Phase 8 Post Processing Netlist
Phase 8 Post Processing Netlist | Checksum: 19c80c310

Time (s): cpu = 00:00:00 ; elapsed = 00:00:00.534 . Memory (MB): peak = 1713.035 ; gain = 0.000
Post Processing Netlist | Checksum: 19c80c310
INFO: [Opt 31-389] Phase Post Processing Netlist created 0 cells and removed 0 cells
INFO: [Opt 31-1021] In phase Post Processing Netlist, 20 netlist objects are constrained preventing optimization. Please run opt_design with -debug_log to get more detail. 

Phase 9 Finalization

Phase 9.1 Finalizing Design Cores and Updating Shapes
Phase 9.1 Finalizing Design Cores and Updating Shapes | Checksum: aeebf0f3

Time (s): cpu = 00:00:00 ; elapsed = 00:00:00.586 . Memory (MB): peak = 1713.035 ; gain = 0.000

Phase 9.2 Verifying Netlist Connectivity

Starting Connectivity Check Task

Time (s): cpu = 00:00:00 ; elapsed = 00:00:00.013 . Memory (MB): peak = 1713.035 ; gain = 0.000
Phase 9.2 Verifying Netlist Connectivity | Checksum: aeebf0f3

Time (s): cpu = 00:00:00 ; elapsed = 00:00:00.602 . Memory (MB): peak = 1713.035 ; gain = 0.000
Phase 9 Finalization | Checksum: aeebf0f3

Time (s): cpu = 00:00:00 ; elapsed = 00:00:00.604 . Memory (MB): peak = 1713.035 ; gain = 0.000
Opt_design Change Summary
=========================


-------------------------------------------------------------------------------------------------------------------------
|  Phase                        |  #Cells created  |  #Cells Removed  |  #Constrained objects preventing optimizations  |
-------------------------------------------------------------------------------------------------------------------------
|  Retarget                     |               8  |              43  |                                             20  |
|  Constant propagation         |               6  |              17  |                                             20  |
|  Sweep                        |               0  |              71  |                                             25  |
|  BUFG optimization            |               0  |               0  |                                              0  |
|  Shift Register Optimization  |               0  |               0  |                                              0  |
|  Post Processing Netlist      |               0  |               0  |                                             20  |
-------------------------------------------------------------------------------------------------------------------------


Ending Logic Optimization Task | Checksum: aeebf0f3

Time (s): cpu = 00:00:00 ; elapsed = 00:00:00.608 . Memory (MB): peak = 1713.035 ; gain = 0.000

Starting Power Optimization Task
INFO: [Pwropt 34-132] Skipping clock gating for clocks with a period < 2.00 ns.
Ending Power Optimization Task | Checksum: aeebf0f3

Time (s): cpu = 00:00:00 ; elapsed = 00:00:00.025 . Memory (MB): peak = 1713.035 ; gain = 0.000

Starting Final Cleanup Task
Ending Final Cleanup Task | Checksum: aeebf0f3

Time (s): cpu = 00:00:00 ; elapsed = 00:00:00.002 . Memory (MB): peak = 1713.035 ; gain = 0.000

Starting Netlist Obfuscation Task
Netlist sorting complete. Time (s): cpu = 00:00:00 ; elapsed = 00:00:00 . Memory (MB): peak = 1713.035 ; gain = 0.000
Ending Netlist Obfuscation Task | Checksum: aeebf0f3

Time (s): cpu = 00:00:00 ; elapsed = 00:00:00.003 . Memory (MB): peak = 1713.035 ; gain = 0.000
INFO: [Common 17-83] Releasing license: Implementation
40 Infos, 7 Warnings, 0 Critical Warnings and 0 Errors encountered.
opt_design completed successfully
opt_design: Time (s): cpu = 00:00:10 ; elapsed = 00:00:11 . Memory (MB): peak = 1713.035 ; gain = 964.324
INFO: [Vivado 12-24828] Executing command : report_drc -file top_wrapper_drc_opted.rpt -pb top_wrapper_drc_opted.pb -rpx top_wrapper_drc_opted.rpx
Command: report_drc -file top_wrapper_drc_opted.rpt -pb top_wrapper_drc_opted.pb -rpx top_wrapper_drc_opted.rpx
INFO: [IP_Flow 19-1839] IP Catalog is up to date.
INFO: [DRC 23-27] Running DRC with 2 threads
INFO: [Vivado_Tcl 2-168] The results of DRC are in file D:/Xilinx/reconfig/wordle_fsm_platform/wordle_fsm_platform.runs/impl_1/top_wrapper_drc_opted.rpt.
report_drc completed successfully
INFO: [Timing 38-480] Writing timing data to binary archive.
Write ShapeDB Complete: Time (s): cpu = 00:00:00 ; elapsed = 00:00:00.006 . Memory (MB): peak = 1713.035 ; gain = 0.000
Wrote PlaceDB: Time (s): cpu = 00:00:00 ; elapsed = 00:00:00.019 . Memory (MB): peak = 1713.035 ; gain = 0.000
Wrote PulsedLatchDB: Time (s): cpu = 00:00:00 ; elapsed = 00:00:00 . Memory (MB): peak = 1713.035 ; gain = 0.000
Writing XDEF routing.
Writing XDEF routing logical nets.
Writing XDEF routing special nets.
Wrote RouteStorage: Time (s): cpu = 00:00:00 ; elapsed = 00:00:00.026 . Memory (MB): peak = 1713.035 ; gain = 0.000
Wrote Netlist Cache: Time (s): cpu = 00:00:00 ; elapsed = 00:00:00.001 . Memory (MB): peak = 1713.035 ; gain = 0.000
Wrote Device Cache: Time (s): cpu = 00:00:00 ; elapsed = 00:00:00.015 . Memory (MB): peak = 1713.035 ; gain = 0.000
Write Physdb Complete: Time (s): cpu = 00:00:00 ; elapsed = 00:00:00.070 . Memory (MB): peak = 1713.035 ; gain = 0.000
INFO: [Common 17-1381] The checkpoint 'D:/Xilinx/reconfig/wordle_fsm_platform/wordle_fsm_platform.runs/impl_1/top_wrapper_opt.dcp' has been generated.
Command: place_design
Attempting to get a license for feature 'Implementation' and/or device 'xc7z020'
INFO: [Common 17-349] Got license for feature 'Implementation' and/or device 'xc7z020'
INFO: [Common 17-83] Releasing license: Implementation
INFO: [DRC 23-27] Running DRC with 2 threads
INFO: [Vivado_Tcl 4-198] DRC finished with 0 Errors
INFO: [Vivado_Tcl 4-199] Please refer to the DRC report (report_drc) for more information.
Running DRC as a precondition to command place_design
INFO: [DRC 23-27] Running DRC with 2 threads
INFO: [Vivado_Tcl 4-198] DRC finished with 0 Errors
INFO: [Vivado_Tcl 4-199] Please refer to the DRC report (report_drc) for more information.
INFO: [Place 30-611] Multithreading enabled for place_design using a maximum of 2 CPUs

Starting Placer Task

Phase 1 Placer Initialization

Phase 1.1 Placer Initialization Netlist Sorting
Netlist sorting complete. Time (s): cpu = 00:00:00 ; elapsed = 00:00:00.001 . Memory (MB): peak = 1713.035 ; gain = 0.000
Phase 1.1 Placer Initialization Netlist Sorting | Checksum: a35953d7

Time (s): cpu = 00:00:00 ; elapsed = 00:00:00.017 . Memory (MB): peak = 1713.035 ; gain = 0.000
Netlist sorting complete. Time (s): cpu = 00:00:00 ; elapsed = 00:00:00.001 . Memory (MB): peak = 1713.035 ; gain = 0.000

Phase 1.2 IO Placement/ Clock Placement/ Build Placer Device
INFO: [Timing 38-35] Done setting XDC timing constraints.
Phase 1.2 IO Placement/ Clock Placement/ Build Placer Device | Checksum: a8831907

Time (s): cpu = 00:00:01 ; elapsed = 00:00:00.545 . Memory (MB): peak = 1713.035 ; gain = 0.000

Phase 1.3 Build Placer Netlist Model
Phase 1.3 Build Placer Netlist Model | Checksum: 111209504

Time (s): cpu = 00:00:01 ; elapsed = 00:00:01 . Memory (MB): peak = 1713.035 ; gain = 0.000

Phase 1.4 Constrain Clocks/Macros
Phase 1.4 Constrain Clocks/Macros | Checksum: 111209504

Time (s): cpu = 00:00:01 ; elapsed = 00:00:01 . Memory (MB): peak = 1713.035 ; gain = 0.000
Phase 1 Placer Initialization | Checksum: 111209504

Time (s): cpu = 00:00:01 ; elapsed = 00:00:01 . Memory (MB): peak = 1713.035 ; gain = 0.000

Phase 2 Global Placement

Phase 2.1 Floorplanning
Phase 2.1 Floorplanning | Checksum: 1d713c29f

Time (s): cpu = 00:00:02 ; elapsed = 00:00:01 . Memory (MB): peak = 1713.035 ; gain = 0.000

Phase 2.2 Update Timing before SLR Path Opt
Phase 2.2 Update Timing before SLR Path Opt | Checksum: f9f568a5

Time (s): cpu = 00:00:02 ; elapsed = 00:00:01 . Memory (MB): peak = 1713.035 ; gain = 0.000

Phase 2.3 Post-Processing in Floorplanning
Phase 2.3 Post-Processing in Floorplanning | Checksum: f9f568a5

Time (s): cpu = 00:00:02 ; elapsed = 00:00:01 . Memory (MB): peak = 1713.035 ; gain = 0.000

Phase 2.4 Global Place Phase1
Phase 2.4 Global Place Phase1 | Checksum: 1bee7ac63

Time (s): cpu = 00:00:04 ; elapsed = 00:00:03 . Memory (MB): peak = 1713.035 ; gain = 0.000

Phase 2.5 Global Place Phase2

Phase 2.5.1 UpdateTiming Before Physical Synthesis
Phase 2.5.1 UpdateTiming Before Physical Synthesis | Checksum: 1edcfe101

Time (s): cpu = 00:00:04 ; elapsed = 00:00:03 . Memory (MB): peak = 1713.035 ; gain = 0.000

Phase 2.5.2 Physical Synthesis In Placer
INFO: [Physopt 32-1035] Found 0 LUTNM shape to break, 74 LUT instances to create LUTNM shape
INFO: [Physopt 32-1044] Break lutnm for timing: one critical 0, two critical 0, total 0, new lutff created 0
INFO: [Physopt 32-1138] End 1 Pass. Optimized 22 nets or LUTs. Breaked 0 LUT, combined 22 existing LUTs and moved 0 existing LUT
INFO: [Physopt 32-65] No nets found for high-fanout optimization.
INFO: [Physopt 32-232] Optimized 0 net. Created 0 new instance.
INFO: [Physopt 32-775] End 1 Pass. Optimized 0 net or cell. Created 0 new cell, deleted 0 existing cell and moved 0 existing cell
INFO: [Physopt 32-670] No setup violation found.  DSP Register Optimization was not performed.
INFO: [Physopt 32-670] No setup violation found.  Shift Register to Pipeline Optimization was not performed.
INFO: [Physopt 32-670] No setup violation found.  Shift Register Optimization was not performed.
INFO: [Physopt 32-670] No setup violation found.  BRAM Register Optimization was not performed.
INFO: [Physopt 32-670] No setup violation found.  URAM Register Optimization was not performed.
INFO: [Physopt 32-949] No candidate nets found for dynamic/static region interface net replication
INFO: [Physopt 32-775] End 1 Pass. Optimized 0 net or cell. Created 0 new cell, deleted 0 existing cell and moved 0 existing cell
Netlist sorting complete. Time (s): cpu = 00:00:00 ; elapsed = 00:00:00.001 . Memory (MB): peak = 1713.035 ; gain = 0.000

Summary of Physical Synthesis Optimizations
============================================


-----------------------------------------------------------------------------------------------------------------------------------------------------------
|  Optimization                                     |  Added Cells  |  Removed Cells  |  Optimized Cells/Nets  |  Dont Touch  |  Iterations  |  Elapsed   |
-----------------------------------------------------------------------------------------------------------------------------------------------------------
|  LUT Combining                                    |            0  |             22  |                    22  |           0  |           1  |  00:00:00  |
|  Retime                                           |            0  |              0  |                     0  |           0  |           1  |  00:00:00  |
|  Very High Fanout                                 |            0  |              0  |                     0  |           0  |           1  |  00:00:00  |
|  DSP Register                                     |            0  |              0  |                     0  |           0  |           0  |  00:00:00  |
|  Shift Register to Pipeline                       |            0  |              0  |                     0  |           0  |           0  |  00:00:00  |
|  Shift Register                                   |            0  |              0  |                     0  |           0  |           0  |  00:00:00  |
|  BRAM Register                                    |            0  |              0  |                     0  |           0  |           0  |  00:00:00  |
|  URAM Register                                    |            0  |              0  |                     0  |           0  |           0  |  00:00:00  |
|  Dynamic/Static Region Interface Net Replication  |            0  |              0  |                     0  |           0  |           1  |  00:00:00  |
|  Total                                            |            0  |             22  |                    22  |           0  |           4  |  00:00:00  |
-----------------------------------------------------------------------------------------------------------------------------------------------------------


Phase 2.5.2 Physical Synthesis In Placer | Checksum: 9f8bc662

Time (s): cpu = 00:00:05 ; elapsed = 00:00:03 . Memory (MB): peak = 1713.035 ; gain = 0.000
Phase 2.5 Global Place Phase2 | Checksum: 7b4b9711

Time (s): cpu = 00:00:05 ; elapsed = 00:00:04 . Memory (MB): peak = 1713.035 ; gain = 0.000
Phase 2 Global Placement | Checksum: 7b4b9711

Time (s): cpu = 00:00:05 ; elapsed = 00:00:04 . Memory (MB): peak = 1713.035 ; gain = 0.000

Phase 3 Detail Placement

Phase 3.1 Commit Multi Column Macros
Phase 3.1 Commit Multi Column Macros | Checksum: 1056c8ab5

Time (s): cpu = 00:00:05 ; elapsed = 00:00:04 . Memory (MB): peak = 1713.035 ; gain = 0.000

Phase 3.2 Commit Most Macros & LUTRAMs
Phase 3.2 Commit Most Macros & LUTRAMs | Checksum: 114b021bb

Time (s): cpu = 00:00:05 ; elapsed = 00:00:04 . Memory (MB): peak = 1713.035 ; gain = 0.000

Phase 3.3 Area Swap Optimization
Phase 3.3 Area Swap Optimization | Checksum: 117f7ad02

Time (s): cpu = 00:00:05 ; elapsed = 00:00:04 . Memory (MB): peak = 1713.035 ; gain = 0.000

Phase 3.4 Pipeline Register Optimization
Phase 3.4 Pipeline Register Optimization | Checksum: 12f96222d

Time (s): cpu = 00:00:05 ; elapsed = 00:00:04 . Memory (MB): peak = 1713.035 ; gain = 0.000

Phase 3.5 Small Shape Detail Placement
Phase 3.5 Small Shape Detail Placement | Checksum: eba449c7

Time (s): cpu = 00:00:06 ; elapsed = 00:00:05 . Memory (MB): peak = 1713.035 ; gain = 0.000

Phase 3.6 Re-assign LUT pins
Phase 3.6 Re-assign LUT pins | Checksum: 19093e450

Time (s): cpu = 00:00:06 ; elapsed = 00:00:05 . Memory (MB): peak = 1713.035 ; gain = 0.000

Phase 3.7 Pipeline Register Optimization
Phase 3.7 Pipeline Register Optimization | Checksum: 1b82551b5

Time (s): cpu = 00:00:06 ; elapsed = 00:00:05 . Memory (MB): peak = 1713.035 ; gain = 0.000
Phase 3 Detail Placement | Checksum: 1b82551b5

Time (s): cpu = 00:00:06 ; elapsed = 00:00:05 . Memory (MB): peak = 1713.035 ; gain = 0.000

Phase 4 Post Placement Optimization and Clean-Up

Phase 4.1 Post Commit Optimization
INFO: [Timing 38-35] Done setting XDC timing constraints.

Phase 4.1.1 Post Placement Optimization
Post Placement Optimization Initialization | Checksum: 1ec13e9d4

Phase 4.1.1.1 BUFG Insertion

Starting Physical Synthesis Task

Phase 1 Physical Synthesis Initialization
INFO: [Physopt 32-721] Multithreading enabled for phys_opt_design using a maximum of 2 CPUs
INFO: [Physopt 32-619] Estimated Timing Summary | WNS=1.384 | TNS=0.000 |
Phase 1 Physical Synthesis Initialization | Checksum: 10adb263e

Time (s): cpu = 00:00:01 ; elapsed = 00:00:00.051 . Memory (MB): peak = 1713.035 ; gain = 0.000
INFO: [Place 46-56] BUFG insertion identified 0 candidate nets. Inserted BUFG: 0, Replicated BUFG Driver: 0, Skipped due to Placement/Routing Conflicts: 0, Skipped due to Timing Degradation: 0, Skipped due to netlist editing failed: 0.
Ending Physical Synthesis Task | Checksum: 121a7e2f7

Time (s): cpu = 00:00:01 ; elapsed = 00:00:00.065 . Memory (MB): peak = 1713.035 ; gain = 0.000
Phase 4.1.1.1 BUFG Insertion | Checksum: 1ec13e9d4

Time (s): cpu = 00:00:07 ; elapsed = 00:00:05 . Memory (MB): peak = 1713.035 ; gain = 0.000

Phase 4.1.1.2 Post Placement Timing Optimization
INFO: [Place 30-746] Post Placement Timing Summary WNS=1.384. For the most accurate timing information please run report_timing.
Phase 4.1.1.2 Post Placement Timing Optimization | Checksum: 19bfd7afe

Time (s): cpu = 00:00:07 ; elapsed = 00:00:05 . Memory (MB): peak = 1713.035 ; gain = 0.000

Time (s): cpu = 00:00:07 ; elapsed = 00:00:05 . Memory (MB): peak = 1713.035 ; gain = 0.000
Phase 4.1 Post Commit Optimization | Checksum: 19bfd7afe

Time (s): cpu = 00:00:07 ; elapsed = 00:00:05 . Memory (MB): peak = 1713.035 ; gain = 0.000

Phase 4.2 Post Placement Cleanup
Phase 4.2 Post Placement Cleanup | Checksum: 19bfd7afe

Time (s): cpu = 00:00:07 ; elapsed = 00:00:05 . Memory (MB): peak = 1713.035 ; gain = 0.000

Phase 4.3 Placer Reporting

Phase 4.3.1 Print Estimated Congestion
INFO: [Place 30-612] Post-Placement Estimated Congestion 
 ____________________________________________________
|           | Global Congestion | Short Congestion  |
| Direction | Region Size       | Region Size       |
|___________|___________________|___________________|
|      North|                1x1|                1x1|
|___________|___________________|___________________|
|      South|                1x1|                1x1|
|___________|___________________|___________________|
|       East|                1x1|                1x1|
|___________|___________________|___________________|
|       West|                1x1|                1x1|
|___________|___________________|___________________|

Phase 4.3.1 Print Estimated Congestion | Checksum: 19bfd7afe

Time (s): cpu = 00:00:07 ; elapsed = 00:00:05 . Memory (MB): peak = 1713.035 ; gain = 0.000
Phase 4.3 Placer Reporting | Checksum: 19bfd7afe

Time (s): cpu = 00:00:07 ; elapsed = 00:00:05 . Memory (MB): peak = 1713.035 ; gain = 0.000

Phase 4.4 Final Placement Cleanup
Netlist sorting complete. Time (s): cpu = 00:00:00 ; elapsed = 00:00:00 . Memory (MB): peak = 1713.035 ; gain = 0.000

Time (s): cpu = 00:00:07 ; elapsed = 00:00:05 . Memory (MB): peak = 1713.035 ; gain = 0.000
Phase 4 Post Placement Optimization and Clean-Up | Checksum: 1f34b2b24

Time (s): cpu = 00:00:07 ; elapsed = 00:00:05 . Memory (MB): peak = 1713.035 ; gain = 0.000
Ending Placer Task | Checksum: 16d62f601

Time (s): cpu = 00:00:07 ; elapsed = 00:00:05 . Memory (MB): peak = 1713.035 ; gain = 0.000
75 Infos, 7 Warnings, 0 Critical Warnings and 0 Errors encountered.
place_design completed successfully
place_design: Time (s): cpu = 00:00:09 ; elapsed = 00:00:07 . Memory (MB): peak = 1713.035 ; gain = 0.000
INFO: [Vivado 12-24838] Running report commands "report_control_sets, report_io, report_utilization" in parallel.
Running report generation with 2 threads.
INFO: [Vivado 12-24828] Executing command : report_utilization -file top_wrapper_utilization_placed.rpt -pb top_wrapper_utilization_placed.pb
INFO: [Vivado 12-24828] Executing command : report_control_sets -verbose -file top_wrapper_control_sets_placed.rpt
report_control_sets: Time (s): cpu = 00:00:00 ; elapsed = 00:00:00.007 . Memory (MB): peak = 1713.035 ; gain = 0.000
INFO: [Vivado 12-24828] Executing command : report_io -file top_wrapper_io_placed.rpt
report_io: Time (s): cpu = 00:00:00 ; elapsed = 00:00:00.051 . Memory (MB): peak = 1713.035 ; gain = 0.000
INFO: [Timing 38-480] Writing timing data to binary archive.
Write ShapeDB Complete: Time (s): cpu = 00:00:00 ; elapsed = 00:00:00.010 . Memory (MB): peak = 1721.590 ; gain = 8.555
Wrote PlaceDB: Time (s): cpu = 00:00:00 ; elapsed = 00:00:00.134 . Memory (MB): peak = 1729.027 ; gain = 7.438
Wrote PulsedLatchDB: Time (s): cpu = 00:00:00 ; elapsed = 00:00:00 . Memory (MB): peak = 1729.027 ; gain = 0.000
Writing XDEF routing.
Writing XDEF routing logical nets.
Writing XDEF routing special nets.
Wrote RouteStorage: Time (s): cpu = 00:00:00 ; elapsed = 00:00:00.029 . Memory (MB): peak = 1729.027 ; gain = 0.000
Wrote Netlist Cache: Time (s): cpu = 00:00:00 ; elapsed = 00:00:00.005 . Memory (MB): peak = 1729.027 ; gain = 0.000
Wrote Device Cache: Time (s): cpu = 00:00:00 ; elapsed = 00:00:00.013 . Memory (MB): peak = 1729.027 ; gain = 0.000
Write Physdb Complete: Time (s): cpu = 00:00:00 ; elapsed = 00:00:00.192 . Memory (MB): peak = 1729.027 ; gain = 15.992
INFO: [Common 17-1381] The checkpoint 'D:/Xilinx/reconfig/wordle_fsm_platform/wordle_fsm_platform.runs/impl_1/top_wrapper_placed.dcp' has been generated.
Command: phys_opt_design
Attempting to get a license for feature 'Implementation' and/or device 'xc7z020'
INFO: [Common 17-349] Got license for feature 'Implementation' and/or device 'xc7z020'

Starting Initial Update Timing Task

Time (s): cpu = 00:00:00 ; elapsed = 00:00:00.169 . Memory (MB): peak = 1729.027 ; gain = 0.000
INFO: [Vivado_Tcl 4-2279] Estimated Timing Summary | WNS= 1.384 | TNS= 0.000 | 
INFO: [Vivado_Tcl 4-383] Design worst setup slack (WNS) is greater than or equal to 0.000 ns. All physical synthesis setup optimizations will be skipped.
INFO: [Vivado_Tcl 4-232] No setup violation found. The netlist was not modified.
INFO: [Common 17-83] Releasing license: Implementation
86 Infos, 7 Warnings, 0 Critical Warnings and 0 Errors encountered.
phys_opt_design completed successfully
INFO: [Timing 38-480] Writing timing data to binary archive.
Write ShapeDB Complete: Time (s): cpu = 00:00:00 ; elapsed = 00:00:00.016 . Memory (MB): peak = 1745.840 ; gain = 8.879
Wrote PlaceDB: Time (s): cpu = 00:00:00 ; elapsed = 00:00:00.144 . Memory (MB): peak = 1753.297 ; gain = 16.336
Wrote PulsedLatchDB: Time (s): cpu = 00:00:00 ; elapsed = 00:00:00 . Memory (MB): peak = 1753.297 ; gain = 0.000
Writing XDEF routing.
Writing XDEF routing logical nets.
Writing XDEF routing special nets.
Wrote RouteStorage: Time (s): cpu = 00:00:00 ; elapsed = 00:00:00.023 . Memory (MB): peak = 1753.297 ; gain = 0.000
Wrote Netlist Cache: Time (s): cpu = 00:00:00 ; elapsed = 00:00:00.003 . Memory (MB): peak = 1753.297 ; gain = 0.000
Wrote Device Cache: Time (s): cpu = 00:00:01 ; elapsed = 00:00:00.013 . Memory (MB): peak = 1753.297 ; gain = 0.000
Write Physdb Complete: Time (s): cpu = 00:00:01 ; elapsed = 00:00:00.195 . Memory (MB): peak = 1753.297 ; gain = 16.336
INFO: [Common 17-1381] The checkpoint 'D:/Xilinx/reconfig/wordle_fsm_platform/wordle_fsm_platform.runs/impl_1/top_wrapper_physopt.dcp' has been generated.
Command: route_design
Attempting to get a license for feature 'Implementation' and/or device 'xc7z020'
INFO: [Common 17-349] Got license for feature 'Implementation' and/or device 'xc7z020'


Starting Routing Task
INFO: [Route 35-254] Multithreading enabled for route_design using a maximum of 2 CPUs

Phase 1 Build RT Design
Checksum: PlaceDB: d6d1edc2 ConstDB: 0 ShapeSum: 8097954f RouteDB: 15f972f0
Post Restoration Checksum: NetGraph: ec00aadc | NumContArr: 23a2b34c | Constraints: c2a8fa9d | Timing: c2a8fa9d
Phase 1 Build RT Design | Checksum: 294f55362

Time (s): cpu = 00:00:25 ; elapsed = 00:00:23 . Memory (MB): peak = 1841.207 ; gain = 87.910

Phase 2 Router Initialization

Phase 2.1 Fix Topology Constraints
Phase 2.1 Fix Topology Constraints | Checksum: 294f55362

Time (s): cpu = 00:00:25 ; elapsed = 00:00:23 . Memory (MB): peak = 1841.207 ; gain = 87.910

Phase 2.2 Pre Route Cleanup
Phase 2.2 Pre Route Cleanup | Checksum: 294f55362

Time (s): cpu = 00:00:25 ; elapsed = 00:00:23 . Memory (MB): peak = 1841.207 ; gain = 87.910
 Number of Nodes with overlaps = 0

Phase 2.3 Update Timing
Phase 2.3 Update Timing | Checksum: 3279b9392

Time (s): cpu = 00:00:26 ; elapsed = 00:00:24 . Memory (MB): peak = 1881.535 ; gain = 128.238
INFO: [Route 35-416] Intermediate Timing Summary | WNS=1.415  | TNS=0.000  | WHS=-0.175 | THS=-14.169|


Router Utilization Summary
  Global Vertical Routing Utilization    = 0 %
  Global Horizontal Routing Utilization  = 0 %
  Routable Net Status*
  *Does not include unroutable nets such as driverless and loadless.
  Run report_route_status for detailed report.
  Number of Failed Nets               = 1656
    (Failed Nets is the sum of unrouted and partially routed nets)
  Number of Unrouted Nets             = 1656
  Number of Partially Routed Nets     = 0
  Number of Node Overlaps             = 0

Phase 2 Router Initialization | Checksum: 267d53431

Time (s): cpu = 00:00:26 ; elapsed = 00:00:24 . Memory (MB): peak = 1881.535 ; gain = 128.238

Phase 3 Global Routing
Phase 3 Global Routing | Checksum: 267d53431

Time (s): cpu = 00:00:26 ; elapsed = 00:00:24 . Memory (MB): peak = 1881.535 ; gain = 128.238

Phase 4 Initial Routing

Phase 4.1 Initial Net Routing Pass
Phase 4.1 Initial Net Routing Pass | Checksum: 273f796d3

Time (s): cpu = 00:00:27 ; elapsed = 00:00:25 . Memory (MB): peak = 1881.535 ; gain = 128.238
Phase 4 Initial Routing | Checksum: 273f796d3

Time (s): cpu = 00:00:27 ; elapsed = 00:00:25 . Memory (MB): peak = 1881.535 ; gain = 128.238

Phase 5 Rip-up And Reroute

Phase 5.1 Global Iteration 0
 Number of Nodes with overlaps = 299
 Number of Nodes with overlaps = 101
 Number of Nodes with overlaps = 54
 Number of Nodes with overlaps = 38
 Number of Nodes with overlaps = 23
 Number of Nodes with overlaps = 10
 Number of Nodes with overlaps = 7
 Number of Nodes with overlaps = 1
 Number of Nodes with overlaps = 2
 Number of Nodes with overlaps = 1
 Number of Nodes with overlaps = 1
 Number of Nodes with overlaps = 0
INFO: [Route 35-416] Intermediate Timing Summary | WNS=1.520  | TNS=0.000  | WHS=N/A    | THS=N/A    |

Phase 5.1 Global Iteration 0 | Checksum: 27ee890aa

Time (s): cpu = 00:00:29 ; elapsed = 00:00:27 . Memory (MB): peak = 1881.535 ; gain = 128.238

Phase 5.2 Global Iteration 1
 Number of Nodes with overlaps = 19
 Number of Nodes with overlaps = 4
 Number of Nodes with overlaps = 2
 Number of Nodes with overlaps = 7
 Number of Nodes with overlaps = 3
 Number of Nodes with overlaps = 0
INFO: [Route 35-416] Intermediate Timing Summary | WNS=0.994  | TNS=0.000  | WHS=N/A    | THS=N/A    |

Phase 5.2 Global Iteration 1 | Checksum: 198408d64

Time (s): cpu = 00:00:30 ; elapsed = 00:00:27 . Memory (MB): peak = 1881.535 ; gain = 128.238
Phase 5 Rip-up And Reroute | Checksum: 198408d64

Time (s): cpu = 00:00:30 ; elapsed = 00:00:27 . Memory (MB): peak = 1881.535 ; gain = 128.238

Phase 6 Delay and Skew Optimization

Phase 6.1 Delay CleanUp
Phase 6.1 Delay CleanUp | Checksum: 198408d64

Time (s): cpu = 00:00:30 ; elapsed = 00:00:27 . Memory (MB): peak = 1881.535 ; gain = 128.238

Phase 6.2 Clock Skew Optimization
Phase 6.2 Clock Skew Optimization | Checksum: 198408d64

Time (s): cpu = 00:00:30 ; elapsed = 00:00:27 . Memory (MB): peak = 1881.535 ; gain = 128.238
Phase 6 Delay and Skew Optimization | Checksum: 198408d64

Time (s): cpu = 00:00:30 ; elapsed = 00:00:27 . Memory (MB): peak = 1881.535 ; gain = 128.238

Phase 7 Post Hold Fix

Phase 7.1 Hold Fix Iter
INFO: [Route 35-416] Intermediate Timing Summary | WNS=1.109  | TNS=0.000  | WHS=0.104  | THS=0.000  |

Phase 7.1 Hold Fix Iter | Checksum: 26881f2c9

Time (s): cpu = 00:00:30 ; elapsed = 00:00:27 . Memory (MB): peak = 1881.535 ; gain = 128.238
Phase 7 Post Hold Fix | Checksum: 26881f2c9

Time (s): cpu = 00:00:30 ; elapsed = 00:00:27 . Memory (MB): peak = 1881.535 ; gain = 128.238

Phase 8 Route finalize

Router Utilization Summary
  Global Vertical Routing Utilization    = 0.182665 %
  Global Horizontal Routing Utilization  = 0.266058 %
  Routable Net Status*
  *Does not include unroutable nets such as driverless and loadless.
  Run report_route_status for detailed report.
  Number of Failed Nets               = 0
    (Failed Nets is the sum of unrouted and partially routed nets)
  Number of Unrouted Nets             = 0
  Number of Partially Routed Nets     = 0
  Number of Node Overlaps             = 0

Phase 8 Route finalize | Checksum: 26881f2c9

Time (s): cpu = 00:00:30 ; elapsed = 00:00:27 . Memory (MB): peak = 1881.535 ; gain = 128.238

Phase 9 Verifying routed nets

 Verification completed successfully
Phase 9 Verifying routed nets | Checksum: 26881f2c9

Time (s): cpu = 00:00:30 ; elapsed = 00:00:27 . Memory (MB): peak = 1881.535 ; gain = 128.238

Phase 10 Depositing Routes
Phase 10 Depositing Routes | Checksum: 261b1eb51

Time (s): cpu = 00:00:30 ; elapsed = 00:00:28 . Memory (MB): peak = 1881.535 ; gain = 128.238

Phase 11 Post Process Routing
Phase 11 Post Process Routing | Checksum: 261b1eb51

Time (s): cpu = 00:00:30 ; elapsed = 00:00:28 . Memory (MB): peak = 1881.535 ; gain = 128.238

Phase 12 Post Router Timing
INFO: [Route 35-57] Estimated Timing Summary | WNS=1.109  | TNS=0.000  | WHS=0.104  | THS=0.000  |

INFO: [Route 35-327] The final timing numbers are based on the router estimated timing analysis. For a complete and accurate timing signoff, please run report_timing_summary.
Phase 12 Post Router Timing | Checksum: 261b1eb51

Time (s): cpu = 00:00:30 ; elapsed = 00:00:28 . Memory (MB): peak = 1881.535 ; gain = 128.238
Total Elapsed time in route_design: 27.622 secs

Phase 13 Post-Route Event Processing
Phase 13 Post-Route Event Processing | Checksum: 193c3d9cc

Time (s): cpu = 00:00:30 ; elapsed = 00:00:28 . Memory (MB): peak = 1881.535 ; gain = 128.238
INFO: [Route 35-16] Router Completed Successfully
Ending Routing Task | Checksum: 193c3d9cc

Time (s): cpu = 00:00:30 ; elapsed = 00:00:28 . Memory (MB): peak = 1881.535 ; gain = 128.238

Routing Is Done.
INFO: [Common 17-83] Releasing license: Implementation
98 Infos, 7 Warnings, 0 Critical Warnings and 0 Errors encountered.
route_design completed successfully
route_design: Time (s): cpu = 00:00:30 ; elapsed = 00:00:28 . Memory (MB): peak = 1881.535 ; gain = 128.238
INFO: [Vivado 12-24828] Executing command : report_drc -file top_wrapper_drc_routed.rpt -pb top_wrapper_drc_routed.pb -rpx top_wrapper_drc_routed.rpx
Command: report_drc -file top_wrapper_drc_routed.rpt -pb top_wrapper_drc_routed.pb -rpx top_wrapper_drc_routed.rpx
INFO: [IP_Flow 19-1839] IP Catalog is up to date.
INFO: [DRC 23-27] Running DRC with 2 threads
INFO: [Vivado_Tcl 2-168] The results of DRC are in file D:/Xilinx/reconfig/wordle_fsm_platform/wordle_fsm_platform.runs/impl_1/top_wrapper_drc_routed.rpt.
report_drc completed successfully
INFO: [Vivado 12-24828] Executing command : report_methodology -file top_wrapper_methodology_drc_routed.rpt -pb top_wrapper_methodology_drc_routed.pb -rpx top_wrapper_methodology_drc_routed.rpx
Command: report_methodology -file top_wrapper_methodology_drc_routed.rpt -pb top_wrapper_methodology_drc_routed.pb -rpx top_wrapper_methodology_drc_routed.rpx
INFO: [Timing 38-35] Done setting XDC timing constraints.
INFO: [DRC 23-133] Running Methodology with 2 threads
INFO: [Vivado_Tcl 2-1520] The results of Report Methodology are in file D:/Xilinx/reconfig/wordle_fsm_platform/wordle_fsm_platform.runs/impl_1/top_wrapper_methodology_drc_routed.rpt.
report_methodology completed successfully
INFO: [Vivado 12-24828] Executing command : report_timing_summary -max_paths 10 -report_unconstrained -file top_wrapper_timing_summary_routed.rpt -pb top_wrapper_timing_summary_routed.pb -rpx top_wrapper_timing_summary_routed.rpx -warn_on_violation 
INFO: [Timing 38-35] Done setting XDC timing constraints.
INFO: [Timing 38-91] UpdateTimingParams: Speed grade: -1, Delay Type: min_max.
INFO: [Timing 38-191] Multithreading enabled for timing update using a maximum of 2 CPUs
INFO: [Vivado 12-24838] Running report commands "report_incremental_reuse, report_route_status" in parallel.
Running report generation with 2 threads.
INFO: [Vivado 12-24828] Executing command : report_route_status -file top_wrapper_route_status.rpt -pb top_wrapper_route_status.pb
INFO: [Vivado 12-24828] Executing command : report_incremental_reuse -file top_wrapper_incremental_reuse_routed.rpt
INFO: [Vivado_Tcl 4-1062] Incremental flow is disabled. No incremental reuse Info to report.
INFO: [Vivado 12-24828] Executing command : report_power -file top_wrapper_power_routed.rpt -pb top_wrapper_power_summary_routed.pb -rpx top_wrapper_power_routed.rpx
Command: report_power -file top_wrapper_power_routed.rpt -pb top_wrapper_power_summary_routed.pb -rpx top_wrapper_power_routed.rpx
Running Vector-less Activity Propagation...

Finished Running Vector-less Activity Propagation
115 Infos, 7 Warnings, 0 Critical Warnings and 0 Errors encountered.
report_power completed successfully
INFO: [Vivado 12-24828] Executing command : report_clock_utilization -file top_wrapper_clock_utilization_routed.rpt
INFO: [Vivado 12-24828] Executing command : report_bus_skew -warn_on_violation -file top_wrapper_bus_skew_routed.rpt -pb top_wrapper_bus_skew_routed.pb -rpx top_wrapper_bus_skew_routed.rpx
INFO: [Timing 38-91] UpdateTimingParams: Speed grade: -1, Delay Type: min_max.
INFO: [Timing 38-191] Multithreading enabled for timing update using a maximum of 2 CPUs
generate_parallel_reports: Time (s): cpu = 00:00:14 ; elapsed = 00:00:08 . Memory (MB): peak = 1953.441 ; gain = 71.906
INFO: [Timing 38-480] Writing timing data to binary archive.
Write ShapeDB Complete: Time (s): cpu = 00:00:00 ; elapsed = 00:00:00.011 . Memory (MB): peak = 1958.395 ; gain = 4.953
Wrote PlaceDB: Time (s): cpu = 00:00:00 ; elapsed = 00:00:00.136 . Memory (MB): peak = 1965.957 ; gain = 12.516
Wrote PulsedLatchDB: Time (s): cpu = 00:00:00 ; elapsed = 00:00:00 . Memory (MB): peak = 1965.957 ; gain = 0.000
Writing XDEF routing.
Writing XDEF routing logical nets.
Writing XDEF routing special nets.
Wrote RouteStorage: Time (s): cpu = 00:00:00 ; elapsed = 00:00:00.046 . Memory (MB): peak = 1965.957 ; gain = 0.000
Wrote Netlist Cache: Time (s): cpu = 00:00:00 ; elapsed = 00:00:00.005 . Memory (MB): peak = 1965.957 ; gain = 0.000
Wrote Device Cache: Time (s): cpu = 00:00:00 ; elapsed = 00:00:00.016 . Memory (MB): peak = 1965.957 ; gain = 0.000
Write Physdb Complete: Time (s): cpu = 00:00:00 ; elapsed = 00:00:00.211 . Memory (MB): peak = 1965.957 ; gain = 12.516
INFO: [Common 17-1381] The checkpoint 'D:/Xilinx/reconfig/wordle_fsm_platform/wordle_fsm_platform.runs/impl_1/top_wrapper_routed.dcp' has been generated.
Command: write_bitstream -force top_wrapper.bit
Attempting to get a license for feature 'Implementation' and/or device 'xc7z020'
INFO: [Common 17-349] Got license for feature 'Implementation' and/or device 'xc7z020'
Running DRC as a precondition to command write_bitstream
INFO: [IP_Flow 19-1839] IP Catalog is up to date.
INFO: [DRC 23-27] Running DRC with 2 threads
INFO: [Vivado 12-3199] DRC finished with 0 Errors
INFO: [Vivado 12-3200] Please refer to the DRC report (report_drc) for more information.
INFO: [Designutils 20-2272] Running write_bitstream with 2 threads.
Loading data files...
Loading site data...
Loading route data...
Processing options...
Creating bitmap...
Creating bitstream...
Writing bitstream ./top_wrapper.bit...
INFO: [Vivado 12-1842] Bitgen Completed Successfully.
INFO: [Project 1-1876] WebTalk data collection is mandatory when using a ULT device. To see the specific WebTalk data collected for your design, open the usage_statistics_webtalk.html or usage_statistics_webtalk.xml file in the implementation directory.
INFO: [Common 17-83] Releasing license: Implementation
130 Infos, 7 Warnings, 0 Critical Warnings and 0 Errors encountered.
write_bitstream completed successfully
write_bitstream: Time (s): cpu = 00:00:14 ; elapsed = 00:00:11 . Memory (MB): peak = 2453.859 ; gain = 487.902
INFO: [Common 17-206] Exiting Vivado at Mon Apr 28 01:23:39 2025...
