Copyright 1986-2022 Xilinx, Inc. All Rights Reserved. Copyright 2022-2024 Advanced Micro Devices, Inc. All Rights Reserved.
---------------------------------------------------------------------------------------------------------------------------------------------
| Tool Version : Vivado v.2024.2 (win64) Build 5239630 Fri Nov 08 22:35:27 MST 2024
| Date         : Mon Apr 28 01:22:47 2025
| Host         : Jaskin-Laptop running 64-bit major release  (build 9200)
| Command      : report_control_sets -verbose -file top_wrapper_control_sets_placed.rpt
| Design       : top_wrapper
| Device       : xc7z020
---------------------------------------------------------------------------------------------------------------------------------------------

Control Set Information

Table of Contents
-----------------
1. Summary
2. Histogram
3. Flip-Flop Distribution
4. Detailed Control Set Information

1. Summary
----------

+----------------------------------------------------------+-------+
|                          Status                          | Count |
+----------------------------------------------------------+-------+
| Total control sets                                       |    79 |
|    Minimum number of control sets                        |    79 |
|    Addition due to synthesis replication                 |     0 |
|    Addition due to physical synthesis replication        |     0 |
| Unused register locations in slices containing registers |   191 |
+----------------------------------------------------------+-------+
* Control sets can be merged at opt_design using control_set_merge or merge_equivalent_drivers
** Run report_qor_suggestions for automated merging and remapping suggestions


2. Histogram
------------

+--------------------+-------+
|       Fanout       | Count |
+--------------------+-------+
| Total control sets |    79 |
| >= 0 to < 4        |    14 |
| >= 4 to < 6        |     7 |
| >= 6 to < 8        |     3 |
| >= 8 to < 10       |    38 |
| >= 10 to < 12      |     1 |
| >= 12 to < 14      |     5 |
| >= 14 to < 16      |     1 |
| >= 16              |    10 |
+--------------------+-------+
* Control sets can be remapped at either synth_design or opt_design


3. Flip-Flop Distribution
-------------------------

+--------------+-----------------------+------------------------+-----------------+--------------+
| Clock Enable | Synchronous Set/Reset | Asynchronous Set/Reset | Total Registers | Total Slices |
+--------------+-----------------------+------------------------+-----------------+--------------+
| No           | No                    | No                     |             129 |           42 |
| No           | No                    | Yes                    |              42 |           19 |
| No           | Yes                   | No                     |              68 |           36 |
| Yes          | No                    | No                     |             196 |           48 |
| Yes          | No                    | Yes                    |              12 |            7 |
| Yes          | Yes                   | No                     |             386 |          106 |
+--------------+-----------------------+------------------------+-----------------+--------------+


4. Detailed Control Set Information
-----------------------------------

+--------------------------------------------+--------------------------------------------------------------------------------------------------------------------------------------------------------------+-----------------------------------------------------------------------------------------------------------------+------------------+----------------+--------------+
|                Clock Signal                |                                                                         Enable Signal                                                                        |                                                 Set/Reset Signal                                                | Slice Load Count | Bel Load Count | Bels / Slice |
+--------------------------------------------+--------------------------------------------------------------------------------------------------------------------------------------------------------------+-----------------------------------------------------------------------------------------------------------------+------------------+----------------+--------------+
|  top_i/processing_system7_0/inst/FCLK_CLK0 |                                                                                                                                                              | top_i/axi_smc/inst/s00_nodes/s00_r_node/inst/s_sc_areset_pipe                                                   |                1 |              1 |         1.00 |
|  top_i/processing_system7_0/inst/FCLK_CLK0 |                                                                                                                                                              | top_i/axi_smc/inst/s00_nodes/s00_ar_node/inst/s_sc_areset_pipe                                                  |                1 |              1 |         1.00 |
|  top_i/processing_system7_0/inst/FCLK_CLK0 |                                                                                                                                                              | top_i/axi_smc/inst/s00_nodes/s00_aw_node/inst/s_sc_areset_pipe                                                  |                1 |              1 |         1.00 |
|  top_i/processing_system7_0/inst/FCLK_CLK0 |                                                                                                                                                              | top_i/axi_smc/inst/s00_nodes/s00_b_node/inst/s_sc_areset_pipe                                                   |                1 |              1 |         1.00 |
|  top_i/processing_system7_0/inst/FCLK_CLK0 |                                                                                                                                                              | top_i/axi_smc/inst/s00_nodes/s00_w_node/inst/s_sc_areset_pipe                                                   |                1 |              1 |         1.00 |
|  top_i/processing_system7_0/inst/FCLK_CLK0 |                                                                                                                                                              | top_i/axi_smc/inst/s00_entry_pipeline/s00_mmu/inst/xpm_cdc_async_rst_inst/reset_pol                             |                1 |              3 |         3.00 |
|  top_i/processing_system7_0/inst/FCLK_CLK0 |                                                                                                                                                              | top_i/axi_smc/inst/s00_entry_pipeline/s00_si_converter/inst/xpm_cdc_async_rst_inst/reset_pol                    |                1 |              3 |         3.00 |
|  top_i/processing_system7_0/inst/FCLK_CLK0 |                                                                                                                                                              | top_i/axi_smc/inst/s00_entry_pipeline/s00_transaction_regulator/inst/xpm_cdc_async_rst_inst/reset_pol           |                1 |              3 |         3.00 |
|  top_i/processing_system7_0/inst/FCLK_CLK0 |                                                                                                                                                              | top_i/axi_smc/inst/m00_exit_pipeline/m00_exit/inst/xpm_cdc_async_rst_inst/reset_pol                             |                1 |              3 |         3.00 |
|  top_i/processing_system7_0/inst/FCLK_CLK0 |                                                                                                                                                              | top_i/axi_smc/inst/s00_nodes/s00_ar_node/inst/s_sc_xpm_cdc_async_rst_inst/reset_pol                             |                1 |              3 |         3.00 |
|  top_i/processing_system7_0/inst/FCLK_CLK0 |                                                                                                                                                              | top_i/axi_smc/inst/s00_nodes/s00_aw_node/inst/s_sc_xpm_cdc_async_rst_inst/reset_pol                             |                1 |              3 |         3.00 |
|  top_i/processing_system7_0/inst/FCLK_CLK0 |                                                                                                                                                              | top_i/axi_smc/inst/s00_nodes/s00_b_node/inst/s_sc_xpm_cdc_async_rst_inst/reset_pol                              |                1 |              3 |         3.00 |
|  top_i/processing_system7_0/inst/FCLK_CLK0 |                                                                                                                                                              | top_i/axi_smc/inst/s00_nodes/s00_r_node/inst/s_sc_xpm_cdc_async_rst_inst/reset_pol                              |                1 |              3 |         3.00 |
|  top_i/processing_system7_0/inst/FCLK_CLK0 |                                                                                                                                                              | top_i/axi_smc/inst/s00_nodes/s00_w_node/inst/s_sc_xpm_cdc_async_rst_inst/reset_pol                              |                1 |              3 |         3.00 |
|  top_i/processing_system7_0/inst/FCLK_CLK0 | top_i/axi_smc/inst/s00_nodes/s00_aw_node/inst/inst_mi_handler/gen_normal_area.inst_fifo_node_payld/gen_reg_fifo.inst_reg_fifo/gen_single_rank.inst_cntr/E[0] |                                                                                                                 |                1 |              4 |         4.00 |
|  top_i/processing_system7_0/inst/FCLK_CLK0 | top_i/axi_smc/inst/s00_nodes/s00_ar_node/inst/inst_mi_handler/gen_normal_area.inst_fifo_node_payld/gen_reg_fifo.inst_reg_fifo/gen_single_rank.inst_cntr/E[0] |                                                                                                                 |                1 |              4 |         4.00 |
|  top_i/processing_system7_0/inst/FCLK_CLK0 |                                                                                                                                                              | top_i/axi_smc/inst/clk_map/psr_aclk/U0/EXT_LPF/lpf_int                                                          |                2 |              4 |         2.00 |
|  top_i/processing_system7_0/inst/FCLK_CLK0 |                                                                                                                                                              | top_i/rst_ps7_0_100M/U0/EXT_LPF/lpf_int                                                                         |                1 |              4 |         4.00 |
|  top_i/processing_system7_0/inst/FCLK_CLK0 | top_i/Wordle_Matcher_HDL_0/U0/Wordle_Matcher_HDL_slave_lite_v1_0_S00_AXI_inst/axi_awaddr[5]_i_1_n_0                                                          |                                                                                                                 |                1 |              4 |         4.00 |
|  top_i/processing_system7_0/inst/FCLK_CLK0 | top_i/Wordle_Matcher_HDL_0/U0/Wordle_Matcher_HDL_slave_lite_v1_0_S00_AXI_inst/axi_araddr[5]_i_1_n_0                                                          |                                                                                                                 |                1 |              4 |         4.00 |
|  top_i/processing_system7_0/inst/FCLK_CLK0 | top_i/axi_smc/inst/s00_entry_pipeline/s00_si_converter/inst/gen_axilite_conv.axilite_conv_inst/ar_addr_d[5]_i_1_n_0                                          | top_i/axi_smc/inst/s00_entry_pipeline/s00_si_converter/inst/areset                                              |                1 |              4 |         4.00 |
|  top_i/processing_system7_0/inst/FCLK_CLK0 | top_i/rst_ps7_0_100M/U0/SEQ/seq_cnt_en                                                                                                                       | top_i/rst_ps7_0_100M/U0/SEQ/SEQ_COUNTER/clear                                                                   |                1 |              6 |         6.00 |
|  top_i/processing_system7_0/inst/FCLK_CLK0 | top_i/axi_smc/inst/clk_map/psr_aclk/U0/SEQ/seq_cnt_en                                                                                                        | top_i/axi_smc/inst/clk_map/psr_aclk/U0/SEQ/SEQ_COUNTER/clear                                                    |                1 |              6 |         6.00 |
|  top_i/processing_system7_0/inst/FCLK_CLK0 | top_i/axi_smc/inst/s00_entry_pipeline/s00_si_converter/inst/gen_axilite_conv.axilite_conv_inst/aw_addr[5]_i_1_n_0                                            | top_i/axi_smc/inst/s00_entry_pipeline/s00_si_converter/inst/areset                                              |                2 |              6 |         3.00 |
|  top_i/processing_system7_0/inst/FCLK_CLK0 | top_i/Wordle_Matcher_HDL_0/U0/Wordle_Matcher_HDL_slave_lite_v1_0_S00_AXI_inst/slv_reg2[15]_i_1_n_0                                                           | top_i/Wordle_Matcher_HDL_0/U0/Wordle_Matcher_HDL_slave_lite_v1_0_S00_AXI_inst/axi_awready_i_1_n_0               |                1 |              8 |         8.00 |
|  top_i/processing_system7_0/inst/FCLK_CLK0 | top_i/Wordle_Matcher_HDL_0/U0/Wordle_Matcher_HDL_slave_lite_v1_0_S00_AXI_inst/slv_reg1[15]_i_1_n_0                                                           | top_i/Wordle_Matcher_HDL_0/U0/Wordle_Matcher_HDL_slave_lite_v1_0_S00_AXI_inst/axi_awready_i_1_n_0               |                3 |              8 |         2.67 |
|  top_i/processing_system7_0/inst/FCLK_CLK0 | top_i/Wordle_Matcher_HDL_0/U0/Wordle_Matcher_HDL_slave_lite_v1_0_S00_AXI_inst/slv_reg2[23]_i_1_n_0                                                           | top_i/Wordle_Matcher_HDL_0/U0/Wordle_Matcher_HDL_slave_lite_v1_0_S00_AXI_inst/axi_awready_i_1_n_0               |                2 |              8 |         4.00 |
|  top_i/processing_system7_0/inst/FCLK_CLK0 | top_i/Wordle_Matcher_HDL_0/U0/Wordle_Matcher_HDL_slave_lite_v1_0_S00_AXI_inst/slv_reg2[31]_i_1_n_0                                                           | top_i/Wordle_Matcher_HDL_0/U0/Wordle_Matcher_HDL_slave_lite_v1_0_S00_AXI_inst/axi_awready_i_1_n_0               |                2 |              8 |         4.00 |
|  top_i/processing_system7_0/inst/FCLK_CLK0 | top_i/Wordle_Matcher_HDL_0/U0/Wordle_Matcher_HDL_slave_lite_v1_0_S00_AXI_inst/slv_reg2[7]_i_1_n_0                                                            | top_i/Wordle_Matcher_HDL_0/U0/Wordle_Matcher_HDL_slave_lite_v1_0_S00_AXI_inst/axi_awready_i_1_n_0               |                3 |              8 |         2.67 |
|  top_i/processing_system7_0/inst/FCLK_CLK0 | top_i/Wordle_Matcher_HDL_0/U0/Wordle_Matcher_HDL_slave_lite_v1_0_S00_AXI_inst/slv_reg1[7]_i_1_n_0                                                            | top_i/Wordle_Matcher_HDL_0/U0/Wordle_Matcher_HDL_slave_lite_v1_0_S00_AXI_inst/axi_awready_i_1_n_0               |                2 |              8 |         4.00 |
|  top_i/processing_system7_0/inst/FCLK_CLK0 | top_i/Wordle_Matcher_HDL_0/U0/Wordle_Matcher_HDL_slave_lite_v1_0_S00_AXI_inst/slv_reg1[23]_i_1_n_0                                                           | top_i/Wordle_Matcher_HDL_0/U0/Wordle_Matcher_HDL_slave_lite_v1_0_S00_AXI_inst/axi_awready_i_1_n_0               |                2 |              8 |         4.00 |
|  top_i/processing_system7_0/inst/FCLK_CLK0 | top_i/Wordle_Matcher_HDL_0/U0/Wordle_Matcher_HDL_slave_lite_v1_0_S00_AXI_inst/slv_reg1[31]_i_1_n_0                                                           | top_i/Wordle_Matcher_HDL_0/U0/Wordle_Matcher_HDL_slave_lite_v1_0_S00_AXI_inst/axi_awready_i_1_n_0               |                3 |              8 |         2.67 |
|  top_i/processing_system7_0/inst/FCLK_CLK0 | top_i/Wordle_Matcher_HDL_0/U0/Wordle_Matcher_HDL_slave_lite_v1_0_S00_AXI_inst/slv_reg3[7]_i_1_n_0                                                            | top_i/Wordle_Matcher_HDL_0/U0/Wordle_Matcher_HDL_slave_lite_v1_0_S00_AXI_inst/axi_awready_i_1_n_0               |                2 |              8 |         4.00 |
|  top_i/processing_system7_0/inst/FCLK_CLK0 | top_i/Wordle_Matcher_HDL_0/U0/Wordle_Matcher_HDL_slave_lite_v1_0_S00_AXI_inst/slv_reg4[31]_i_1_n_0                                                           | top_i/Wordle_Matcher_HDL_0/U0/Wordle_Matcher_HDL_slave_lite_v1_0_S00_AXI_inst/axi_awready_i_1_n_0               |                4 |              8 |         2.00 |
|  top_i/processing_system7_0/inst/FCLK_CLK0 | top_i/Wordle_Matcher_HDL_0/U0/Wordle_Matcher_HDL_slave_lite_v1_0_S00_AXI_inst/slv_reg5[15]_i_1_n_0                                                           | top_i/Wordle_Matcher_HDL_0/U0/Wordle_Matcher_HDL_slave_lite_v1_0_S00_AXI_inst/axi_awready_i_1_n_0               |                4 |              8 |         2.00 |
|  top_i/processing_system7_0/inst/FCLK_CLK0 | top_i/Wordle_Matcher_HDL_0/U0/Wordle_Matcher_HDL_slave_lite_v1_0_S00_AXI_inst/slv_reg4[15]_i_1_n_0                                                           | top_i/Wordle_Matcher_HDL_0/U0/Wordle_Matcher_HDL_slave_lite_v1_0_S00_AXI_inst/axi_awready_i_1_n_0               |                2 |              8 |         4.00 |
|  top_i/processing_system7_0/inst/FCLK_CLK0 | top_i/Wordle_Matcher_HDL_0/U0/Wordle_Matcher_HDL_slave_lite_v1_0_S00_AXI_inst/slv_reg5[23]_i_1_n_0                                                           | top_i/Wordle_Matcher_HDL_0/U0/Wordle_Matcher_HDL_slave_lite_v1_0_S00_AXI_inst/axi_awready_i_1_n_0               |                2 |              8 |         4.00 |
|  top_i/processing_system7_0/inst/FCLK_CLK0 | top_i/Wordle_Matcher_HDL_0/U0/Wordle_Matcher_HDL_slave_lite_v1_0_S00_AXI_inst/slv_reg5[31]_i_1_n_0                                                           | top_i/Wordle_Matcher_HDL_0/U0/Wordle_Matcher_HDL_slave_lite_v1_0_S00_AXI_inst/axi_awready_i_1_n_0               |                3 |              8 |         2.67 |
|  top_i/processing_system7_0/inst/FCLK_CLK0 | top_i/Wordle_Matcher_HDL_0/U0/Wordle_Matcher_HDL_slave_lite_v1_0_S00_AXI_inst/slv_reg3[23]_i_1_n_0                                                           | top_i/Wordle_Matcher_HDL_0/U0/Wordle_Matcher_HDL_slave_lite_v1_0_S00_AXI_inst/axi_awready_i_1_n_0               |                2 |              8 |         4.00 |
|  top_i/processing_system7_0/inst/FCLK_CLK0 | top_i/Wordle_Matcher_HDL_0/U0/Wordle_Matcher_HDL_slave_lite_v1_0_S00_AXI_inst/slv_reg3[31]_i_1_n_0                                                           | top_i/Wordle_Matcher_HDL_0/U0/Wordle_Matcher_HDL_slave_lite_v1_0_S00_AXI_inst/axi_awready_i_1_n_0               |                2 |              8 |         4.00 |
|  top_i/processing_system7_0/inst/FCLK_CLK0 | top_i/Wordle_Matcher_HDL_0/U0/Wordle_Matcher_HDL_slave_lite_v1_0_S00_AXI_inst/slv_reg4[7]_i_1_n_0                                                            | top_i/Wordle_Matcher_HDL_0/U0/Wordle_Matcher_HDL_slave_lite_v1_0_S00_AXI_inst/axi_awready_i_1_n_0               |                2 |              8 |         4.00 |
|  top_i/processing_system7_0/inst/FCLK_CLK0 | top_i/Wordle_Matcher_HDL_0/U0/Wordle_Matcher_HDL_slave_lite_v1_0_S00_AXI_inst/slv_reg4[23]_i_1_n_0                                                           | top_i/Wordle_Matcher_HDL_0/U0/Wordle_Matcher_HDL_slave_lite_v1_0_S00_AXI_inst/axi_awready_i_1_n_0               |                2 |              8 |         4.00 |
|  top_i/processing_system7_0/inst/FCLK_CLK0 | top_i/Wordle_Matcher_HDL_0/U0/Wordle_Matcher_HDL_slave_lite_v1_0_S00_AXI_inst/slv_reg3[15]_i_1_n_0                                                           | top_i/Wordle_Matcher_HDL_0/U0/Wordle_Matcher_HDL_slave_lite_v1_0_S00_AXI_inst/axi_awready_i_1_n_0               |                2 |              8 |         4.00 |
|  top_i/processing_system7_0/inst/FCLK_CLK0 | top_i/Wordle_Matcher_HDL_0/U0/Wordle_Matcher_HDL_slave_lite_v1_0_S00_AXI_inst/slv_reg7[31]_i_1_n_0                                                           | top_i/Wordle_Matcher_HDL_0/U0/Wordle_Matcher_HDL_slave_lite_v1_0_S00_AXI_inst/axi_awready_i_1_n_0               |                2 |              8 |         4.00 |
|  top_i/processing_system7_0/inst/FCLK_CLK0 | top_i/Wordle_Matcher_HDL_0/U0/Wordle_Matcher_HDL_slave_lite_v1_0_S00_AXI_inst/slv_reg6[15]_i_1_n_0                                                           | top_i/Wordle_Matcher_HDL_0/U0/Wordle_Matcher_HDL_slave_lite_v1_0_S00_AXI_inst/axi_awready_i_1_n_0               |                2 |              8 |         4.00 |
|  top_i/processing_system7_0/inst/FCLK_CLK0 | top_i/Wordle_Matcher_HDL_0/U0/Wordle_Matcher_HDL_slave_lite_v1_0_S00_AXI_inst/slv_reg6[31]_i_1_n_0                                                           | top_i/Wordle_Matcher_HDL_0/U0/Wordle_Matcher_HDL_slave_lite_v1_0_S00_AXI_inst/axi_awready_i_1_n_0               |                2 |              8 |         4.00 |
|  top_i/processing_system7_0/inst/FCLK_CLK0 | top_i/Wordle_Matcher_HDL_0/U0/Wordle_Matcher_HDL_slave_lite_v1_0_S00_AXI_inst/slv_reg6[23]_i_1_n_0                                                           | top_i/Wordle_Matcher_HDL_0/U0/Wordle_Matcher_HDL_slave_lite_v1_0_S00_AXI_inst/axi_awready_i_1_n_0               |                2 |              8 |         4.00 |
|  top_i/processing_system7_0/inst/FCLK_CLK0 | top_i/Wordle_Matcher_HDL_0/U0/Wordle_Matcher_HDL_slave_lite_v1_0_S00_AXI_inst/slv_reg7[15]_i_1_n_0                                                           | top_i/Wordle_Matcher_HDL_0/U0/Wordle_Matcher_HDL_slave_lite_v1_0_S00_AXI_inst/axi_awready_i_1_n_0               |                2 |              8 |         4.00 |
|  top_i/processing_system7_0/inst/FCLK_CLK0 | top_i/Wordle_Matcher_HDL_0/U0/Wordle_Matcher_HDL_slave_lite_v1_0_S00_AXI_inst/slv_reg6[7]_i_1_n_0                                                            | top_i/Wordle_Matcher_HDL_0/U0/Wordle_Matcher_HDL_slave_lite_v1_0_S00_AXI_inst/axi_awready_i_1_n_0               |                3 |              8 |         2.67 |
|  top_i/processing_system7_0/inst/FCLK_CLK0 | top_i/Wordle_Matcher_HDL_0/U0/Wordle_Matcher_HDL_slave_lite_v1_0_S00_AXI_inst/slv_reg7[7]_i_1_n_0                                                            | top_i/Wordle_Matcher_HDL_0/U0/Wordle_Matcher_HDL_slave_lite_v1_0_S00_AXI_inst/axi_awready_i_1_n_0               |                5 |              8 |         1.60 |
|  top_i/processing_system7_0/inst/FCLK_CLK0 | top_i/Wordle_Matcher_HDL_0/U0/Wordle_Matcher_HDL_slave_lite_v1_0_S00_AXI_inst/slv_reg5[7]_i_1_n_0                                                            | top_i/Wordle_Matcher_HDL_0/U0/Wordle_Matcher_HDL_slave_lite_v1_0_S00_AXI_inst/axi_awready_i_1_n_0               |                2 |              8 |         4.00 |
|  top_i/processing_system7_0/inst/FCLK_CLK0 | top_i/Wordle_Matcher_HDL_0/U0/Wordle_Matcher_HDL_slave_lite_v1_0_S00_AXI_inst/slv_reg7[23]_i_1_n_0                                                           | top_i/Wordle_Matcher_HDL_0/U0/Wordle_Matcher_HDL_slave_lite_v1_0_S00_AXI_inst/axi_awready_i_1_n_0               |                2 |              8 |         4.00 |
|  top_i/processing_system7_0/inst/FCLK_CLK0 | top_i/Wordle_Matcher_HDL_0/U0/Wordle_Matcher_HDL_slave_lite_v1_0_S00_AXI_inst/p_1_in[7]                                                                      | top_i/Wordle_Matcher_HDL_0/U0/Wordle_Matcher_HDL_slave_lite_v1_0_S00_AXI_inst/axi_awready_i_1_n_0               |                2 |              8 |         4.00 |
|  top_i/processing_system7_0/inst/FCLK_CLK0 | top_i/Wordle_Matcher_HDL_0/U0/Wordle_Matcher_HDL_slave_lite_v1_0_S00_AXI_inst/p_1_in[15]                                                                     | top_i/Wordle_Matcher_HDL_0/U0/Wordle_Matcher_HDL_slave_lite_v1_0_S00_AXI_inst/axi_awready_i_1_n_0               |                1 |              8 |         8.00 |
|  top_i/processing_system7_0/inst/FCLK_CLK0 | top_i/Wordle_Matcher_HDL_0/U0/Wordle_Matcher_HDL_slave_lite_v1_0_S00_AXI_inst/p_1_in[23]                                                                     | top_i/Wordle_Matcher_HDL_0/U0/Wordle_Matcher_HDL_slave_lite_v1_0_S00_AXI_inst/axi_awready_i_1_n_0               |                1 |              8 |         8.00 |
|  top_i/processing_system7_0/inst/FCLK_CLK0 | top_i/Wordle_Matcher_HDL_0/U0/Wordle_Matcher_HDL_slave_lite_v1_0_S00_AXI_inst/p_1_in[31]                                                                     | top_i/Wordle_Matcher_HDL_0/U0/Wordle_Matcher_HDL_slave_lite_v1_0_S00_AXI_inst/axi_awready_i_1_n_0               |                2 |              8 |         4.00 |
|  top_i/processing_system7_0/inst/FCLK_CLK0 | top_i/axi_smc/inst/s00_entry_pipeline/s00_mmu/inst/gen_endpoint.decerr_slave_inst/gen_axi.gen_read.read_cnt[7]_i_1_n_0                                       | top_i/axi_smc/inst/s00_entry_pipeline/s00_mmu/inst/areset                                                       |                2 |              8 |         4.00 |
|  top_i/processing_system7_0/inst/FCLK_CLK0 | top_i/axi_smc/inst/s00_entry_pipeline/s00_si_converter/inst/gen_axilite_conv.axilite_conv_inst/r_beats[7]_i_1_n_0                                            | top_i/axi_smc/inst/s00_entry_pipeline/s00_si_converter/inst/areset                                              |                2 |              8 |         4.00 |
|  top_i/processing_system7_0/inst/FCLK_CLK0 | top_i/axi_smc/inst/s00_entry_pipeline/s00_si_converter/inst/gen_axilite_conv.axilite_conv_inst/m_aruser                                                      | top_i/axi_smc/inst/s00_entry_pipeline/s00_si_converter/inst/areset                                              |                2 |              9 |         4.50 |
|  top_i/processing_system7_0/inst/FCLK_CLK0 | top_i/axi_smc/inst/s00_entry_pipeline/s00_si_converter/inst/gen_axilite_conv.axilite_conv_inst/b_cnt                                                         | top_i/axi_smc/inst/s00_entry_pipeline/s00_si_converter/inst/gen_axilite_conv.axilite_conv_inst/b_cnt[8]_i_1_n_0 |                4 |              9 |         2.25 |
|  top_i/processing_system7_0/inst/FCLK_CLK0 | top_i/axi_smc/inst/s00_entry_pipeline/s00_si_converter/inst/gen_axilite_conv.axilite_conv_inst/ar_cnt[8]_i_1_n_0                                             | top_i/axi_smc/inst/s00_entry_pipeline/s00_si_converter/inst/areset                                              |                4 |              9 |         2.25 |
|  top_i/processing_system7_0/inst/FCLK_CLK0 | top_i/axi_smc/inst/s00_entry_pipeline/s00_si_converter/inst/gen_axilite_conv.axilite_conv_inst/w_cnt[8]_i_1_n_0                                              | top_i/axi_smc/inst/s00_entry_pipeline/s00_si_converter/inst/areset                                              |                2 |              9 |         4.50 |
|  top_i/processing_system7_0/inst/FCLK_CLK0 |                                                                                                                                                              | top_i/Wordle_Matcher_HDL_0/U0/Wordle_Matcher_HDL_slave_lite_v1_0_S00_AXI_inst/axi_awready_i_1_n_0               |                4 |             10 |         2.50 |
|  top_i/processing_system7_0/inst/FCLK_CLK0 | top_i/axi_smc/inst/s00_entry_pipeline/s00_mmu/inst/gen_endpoint.decerr_slave_inst/gen_axi.gen_read.s_axi_rid_i[11]_i_1_n_0                                   | top_i/axi_smc/inst/s00_entry_pipeline/s00_mmu/inst/areset                                                       |                3 |             12 |         4.00 |
|  top_i/processing_system7_0/inst/FCLK_CLK0 | top_i/axi_smc/inst/s00_entry_pipeline/s00_mmu/inst/gen_endpoint.decerr_slave_inst/gen_axi.gen_write.s_axi_bid_i[11]_i_1_n_0                                  | top_i/axi_smc/inst/s00_entry_pipeline/s00_mmu/inst/areset                                                       |                2 |             12 |         6.00 |
|  top_i/processing_system7_0/inst/FCLK_CLK0 | top_i/Wordle_Matcher_HDL_0/U0/Wordle_Matcher_HDL_slave_lite_v1_0_S00_AXI_inst/enable                                                                         | top_i/Wordle_Matcher_HDL_0/U0/Wordle_Matcher_HDL_slave_lite_v1_0_S00_AXI_inst/rst                               |                7 |             12 |         1.71 |
|  top_i/processing_system7_0/inst/FCLK_CLK0 | top_i/axi_smc/inst/s00_entry_pipeline/s00_transaction_regulator/inst/gen_endpoint.gen_r_singleorder.r_singleorder/gen_id_reg.s_rid_i0                        |                                                                                                                 |                3 |             12 |         4.00 |
|  top_i/processing_system7_0/inst/FCLK_CLK0 | top_i/axi_smc/inst/s00_entry_pipeline/s00_transaction_regulator/inst/gen_endpoint.gen_w_singleorder.w_singleorder/gen_id_reg.s_rid_i0                        |                                                                                                                 |                2 |             12 |         6.00 |
|  top_i/processing_system7_0/inst/FCLK_CLK0 |                                                                                                                                                              | top_i/Wordle_Matcher_HDL_0/U0/Wordle_Matcher_HDL_slave_lite_v1_0_S00_AXI_inst/rst                               |               10 |             15 |         1.50 |
|  top_i/processing_system7_0/inst/FCLK_CLK0 | top_i/axi_smc/inst/s00_entry_pipeline/s00_mmu/inst/aw_reg_stall/skid_buffer[1136]_i_1__0_n_0                                                                 |                                                                                                                 |                4 |             20 |         5.00 |
|  top_i/processing_system7_0/inst/FCLK_CLK0 | top_i/axi_smc/inst/s00_entry_pipeline/s00_mmu/inst/aw_reg_stall/m_vector_i                                                                                   |                                                                                                                 |                3 |             20 |         6.67 |
|  top_i/processing_system7_0/inst/FCLK_CLK0 |                                                                                                                                                              | top_i/axi_smc/inst/s00_entry_pipeline/s00_si_converter/inst/areset                                              |               13 |             22 |         1.69 |
|  top_i/processing_system7_0/inst/FCLK_CLK0 |                                                                                                                                                              | top_i/axi_smc/inst/s00_entry_pipeline/s00_mmu/inst/areset                                                       |               11 |             23 |         2.09 |
|  top_i/processing_system7_0/inst/FCLK_CLK0 | top_i/axi_smc/inst/s00_entry_pipeline/s00_mmu/inst/ar_reg_stall/skid_buffer[1136]_i_1_n_0                                                                    |                                                                                                                 |                4 |             24 |         6.00 |
|  top_i/processing_system7_0/inst/FCLK_CLK0 | top_i/axi_smc/inst/s00_entry_pipeline/s00_mmu/inst/ar_reg_stall/m_vector_i                                                                                   |                                                                                                                 |                4 |             24 |         6.00 |
|  top_i/processing_system7_0/inst/FCLK_CLK0 | top_i/axi_smc/inst/s00_entry_pipeline/s00_si_converter/inst/gen_axilite_conv.axilite_conv_inst/s_axi_rdata_i[31]_i_1_n_0                                     | top_i/axi_smc/inst/s00_entry_pipeline/s00_si_converter/inst/areset                                              |                7 |             32 |         4.57 |
|  top_i/processing_system7_0/inst/FCLK_CLK0 | top_i/axi_smc/inst/s00_nodes/s00_r_node/inst/inst_mi_handler/gen_normal_area.inst_fifo_node_payld/gen_reg_fifo.inst_reg_fifo/gen_single_rank.inst_cntr/E[0]  |                                                                                                                 |               16 |             32 |         2.00 |
|  top_i/processing_system7_0/inst/FCLK_CLK0 | top_i/axi_smc/inst/s00_nodes/s00_w_node/inst/inst_mi_handler/gen_normal_area.inst_fifo_node_payld/gen_reg_fifo.inst_reg_fifo/gen_single_rank.inst_cntr/E[0]  |                                                                                                                 |                8 |             36 |         4.50 |
|  top_i/processing_system7_0/inst/FCLK_CLK0 |                                                                                                                                                              |                                                                                                                 |               44 |            131 |         2.98 |
+--------------------------------------------+--------------------------------------------------------------------------------------------------------------------------------------------------------------+-----------------------------------------------------------------------------------------------------------------+------------------+----------------+--------------+


