#-----------------------------------------------------------
# Vivado v2024.2 (64-bit)
# SW Build 5239630 on Fri Nov 08 22:35:27 MST 2024
# IP Build 5239520 on Sun Nov 10 16:12:51 MST 2024
# SharedData Build 5239561 on Fri Nov 08 14:39:27 MST 2024
# Start of session at: Mon Apr 28 14:46:50 2025
# Process ID         : 22064
# Current directory  : D:/Xilinx/reconfig/wordle_fsm_platform
# Command line       : vivado.exe -gui_launcher_event rodinguilauncherevent13044 D:\Xilinx\reconfig\wordle_fsm_platform\wordle_fsm_platform.xpr
# Log file           : D:/Xilinx/reconfig/wordle_fsm_platform/vivado.log
# Journal file       : D:/Xilinx/reconfig/wordle_fsm_platform\vivado.jou
# Running On         : Jaskin-Laptop
# Platform           : Windows Server 2016 or Windows 10
# Operating System   : 26100
# Processor Detail   : AMD Ryzen 7 5800H with Radeon Graphics         
# CPU Frequency      : 3194 MHz
# CPU Physical cores : 8
# CPU Logical cores  : 16
# Host memory        : 16474 MB
# Swap memory        : 12594 MB
# Total Virtual      : 29068 MB
# Available Virtual  : 5571 MB
#-----------------------------------------------------------
start_gui
open_project D:/Xilinx/reconfig/wordle_fsm_platform/wordle_fsm_platform.xpr
WARNING: [filemgmt 56-3] IP Repository Path: Could not find the directory 'D:/Xilinx/reconfig/ip_repo/Wordle_Matcher_HDL_1_1'.
Scanning sources...
Finished scanning sources
INFO: [IP_Flow 19-234] Refreshing IP repositories
WARNING: [IP_Flow 19-3685] Ignored loading user repository 'd:/Xilinx/reconfig/ip_repo/Wordle_Matcher_HDL_1_1'. The path is contained within another repository.
INFO: [IP_Flow 19-1700] Loaded user IP repository 'd:/Xilinx/reconfig/ip_repo'.
INFO: [IP_Flow 19-2313] Loaded Vivado IP repository 'D:/Xilinx/Vivado/2024.2/data/ip'.
INFO: [Project 1-5579] Found utility IPs instantiated in one or more block designs which have equivalent inline hdl with improved performance and reduced diskspace. It is recommended to migrate these utility IPs to inline hdl using the command upgrade_project -migrate_to_inline_hdl. The utility IPs may be deprecated in future releases. More information on inline hdl is available in UG994.
open_project: Time (s): cpu = 00:00:21 ; elapsed = 00:00:17 . Memory (MB): peak = 1154.918 ; gain = 83.777
update_compile_order -fileset sources_1
archive_project D:/Xilinx/reconfig/wordle_fsm_platform.xpr.zip -temp_dir D:/Xilinx/reconfig/wordle_fsm_platform/.Xil/Vivado-22064-Jaskin-Laptop -force -include_local_ip_cache -include_config_settings
INFO: [Coretcl 2-137] starting archive...
INFO: [Coretcl 2-1499] Saving project copy to temporary location 'D:/Xilinx/reconfig/wordle_fsm_platform/.Xil/Vivado-22064-Jaskin-Laptop' for archiving project
WARNING: [filemgmt 56-3] IP Repository Path: Could not find the directory 'D:/Xilinx/reconfig/ip_repo/Wordle_Matcher_HDL_1_1'.
Scanning sources...
Finished scanning sources
INFO: [IP_Flow 19-234] Refreshing IP repositories
WARNING: [IP_Flow 19-3685] Ignored loading user repository 'd:/Xilinx/reconfig/ip_repo/Wordle_Matcher_HDL_1_1'. The path is contained within another repository.
INFO: [IP_Flow 19-1700] Loaded user IP repository 'd:/Xilinx/reconfig/ip_repo'.
INFO: [IP_Flow 19-2313] Loaded Vivado IP repository 'D:/Xilinx/Vivado/2024.2/data/ip'.
INFO: [Project 1-5579] Found utility IPs instantiated in one or more block designs which have equivalent inline hdl with improved performance and reduced diskspace. It is recommended to migrate these utility IPs to inline hdl using the command upgrade_project -migrate_to_inline_hdl. The utility IPs may be deprecated in future releases. More information on inline hdl is available in UG994.
INFO: [Coretcl 2-1211] Creating project copy for archival...
WARNING: [IP_Flow 19-4995] The host OS only allows 260 characters in a normal path. The IP cache path is more than 80 characters. If you experience issues with IP caching, please consider changing the IP cache to a location with a shorter path. Alternately consider using the OS subst command to map part of the path to a drive letter. 
Current IP cache path is D:/Xilinx/reconfig/wordle_fsm_platform/.Xil/Vivado-22064-Jaskin-Laptop/PrjAr/_X_/wordle_fsm_platform.cache/ip 
INFO: [Coretcl 2-1213] Including run results for 'synth_1'
INFO: [Coretcl 2-1213] Including run results for 'top_processing_system7_0_0_synth_1'
INFO: [Coretcl 2-1213] Including run results for 'top_rst_ps7_0_100M_3_synth_1'
INFO: [Coretcl 2-1213] Including run results for 'top_Wordle_Matcher_HDL_0_4_synth_1'
INFO: [Coretcl 2-1213] Including run results for 'impl_1'
INFO: [Coretcl 2-133] resetting run 'top_processing_system7_0_0_impl_1'...
INFO: [Coretcl 2-133] resetting run 'top_rst_ps7_0_100M_3_impl_1'...
INFO: [Coretcl 2-133] resetting run 'top_Wordle_Matcher_HDL_0_4_impl_1'...
INFO: [Coretcl 2-1212] Importing remotely added design sources and verilog include files (if any)...
INFO: [filemgmt 20-334] All file(s) are already imported in fileset: 'top_Wordle_Matcher_HDL_0_4'
INFO: [filemgmt 20-348] Importing the appropriate files for fileset: 'top_Wordle_Matcher_HDL_0_4'
INFO: [filemgmt 20-334] All file(s) are already imported in fileset: 'top_processing_system7_0_0'
INFO: [filemgmt 20-348] Importing the appropriate files for fileset: 'top_processing_system7_0_0'
INFO: [filemgmt 20-334] All file(s) are already imported in fileset: 'top_rst_ps7_0_100M_3'
INFO: [filemgmt 20-348] Importing the appropriate files for fileset: 'top_rst_ps7_0_100M_3'
INFO: [filemgmt 20-334] All file(s) are already imported in fileset: 'sources_1'
INFO: [filemgmt 20-348] Importing the appropriate files for fileset: 'sources_1'
INFO: [filemgmt 20-334] All file(s) are already imported in fileset: 'utils_1'
INFO: [filemgmt 20-348] Importing the appropriate files for fileset: 'utils_1'
